<?xml version="1.0" encoding="UTF-8"?>
<!-- Generated by org.testng.reporters.JUnitReportReporter -->
<testsuite hostname="LAPTOP-4LMMI7OQ" failures="0" tests="1" name="tests.BuySellTest" time="12.315" errors="0" timestamp="2022-04-28T18:12:13 IST" skipped="0">
  <testcase classname="tests.BuySellTest" name="buyShare" time="12.315"/>
  <system-out/>
</testsuite> <!-- tests.BuySellTest -->
