<?xml version="1.0" encoding="UTF-8"?>
<!-- Generated by org.testng.reporters.JUnitReportReporter -->
<testsuite hostname="LAPTOP-4LMMI7OQ" failures="0" tests="3" name="tests.LoginTest" time="9.128" errors="0" timestamp="2022-05-06T17:19:22 IST" skipped="0">
  <testcase classname="tests.LoginTest" name="loginWithValidCredentials" time="3.387"/>
  <system-out/>
  <testcase classname="tests.LoginTest" name="clickOnForgotUserIDOrPassword" time="3.502"/>
  <system-out/>
  <testcase classname="tests.LoginTest" name="clickOnSignUp" time="2.239"/>
  <system-out/>
</testsuite> <!-- tests.LoginTest -->
