<?xml version="1.0" encoding="UTF-8"?>
<!-- Generated by org.testng.reporters.JUnitReportReporter -->
<testsuite hostname="LAPTOP-4LMMI7OQ" failures="0" tests="1" name="listeners.DemoTest" time="0.011" errors="0" timestamp="2022-05-02T14:30:40 IST" skipped="0">
  <testcase classname="listeners.DemoTest" name="test1" time="0.011"/>
  <system-out/>
</testsuite> <!-- listeners.DemoTest -->
